C51 COMPILER V9.60.0.0   MAIN                                                              08/09/2020 11:23:53 PAGE 1   


C51 COMPILER V9.60.0.0, COMPILATION OF MODULE MAIN
OBJECT MODULE PLACED IN .\Out_File\main.obj
COMPILER INVOKED BY: E:\keil 5\C51\BIN\C51.EXE ..\USER\src\main.c LARGE OMF2 OPTIMIZE(8,SPEED) BROWSE FLOATFUZZY(2) INCD
                    -IR(..\..\Libraries\libraries;..\..\Libraries\seekfree_libraries;..\..\Libraries\seekfree_peripheral;..\USER\inc;..\USER\
                    -src;..\CODE;..\..\Libraries\User_libraries) DEBUG PRINT(.\Out_File\main.lst) TABS(2) OBJECT(.\Out_File\main.obj)

line level    source

   1          #include "headfile.h"
   2          
   3          
   4          //board.h文件中FOSC的值设置为0,则程序自动识别系统频率
   5          
   6          /*board.h文件中FOSC的值设置不为0，则系统频率为FOSC的值，
   7          在使用stc-isp工具下载程序的时候需要将IRC频率设置为FOSC的值*/
   8          
   9          /*在board_init中,已经将P54引脚设置为复位，
  10          如果需要使用P54引脚,可以在board.c文件中的board_init()函数中删除SET_P54_RESRT即可*/
  11          
  12          #include "headfile.h"
  13          
  14          void main()
  15          {
  16   1      //  float v;
  17   1        Init();
  18   1          while(1)
  19   1        {
  20   2      
  21   2      //    v = adc_voltage();
  22   2      //    oled_p6x8str(0,0,"v");
  23   2      //    oled_p6x8str(0,1,"ANGLE");
  24   2      //    oled_p6x8str(0,2,"AD_Err");
  25   2      //    oled_p6x8str(0,3,"AD1");
  26   2      //    oled_p6x8str(0,4,"AD2");
  27   2      //    oled_p6x8str(0,5,"AD3");
  28   2      //    oled_p6x8str(0,6,"AD4");
  29   2      //    oled_p6x8str(0,7,"check");
  30   2      //    
  31   2          oled_printf_float(50,0,Angle_lv,4,2);
  32   2      //    oled_printf_float(50,1,count,4,2);
  33   2      //    oled_printf_float(50,2,MOTOR1,4,2);
  34   2      //    oled_int16(50,3,Filter_AD1);
  35   2      //    oled_int16(50,4,Filter_AD2);
  36   2      //    oled_int16(50,5,Filter_AD3);
  37   2      //    oled_int16(50,6,Filter_AD4);
  38   2      //    oled_printf_float(50,7,v,4,2);
  39   2      //    bluetooth_osc(Angle_lv,MOTOR1,MOTOR2,1);
  40   2          
  41   2          }
  42   1      }
  43          


MODULE INFORMATION:   STATIC OVERLAYABLE
   CODE SIZE        =     44    ----
   CONSTANT SIZE    =   ----    ----
   XDATA SIZE       =   ----    ----
   PDATA SIZE       =   ----    ----
   DATA SIZE        =   ----    ----
   IDATA SIZE       =   ----    ----
   BIT SIZE         =   ----    ----
C51 COMPILER V9.60.0.0   MAIN                                                              08/09/2020 11:23:53 PAGE 2   

   EDATA SIZE       =   ----    ----
   HDATA SIZE       =   ----    ----
   XDATA CONST SIZE =   ----    ----
   FAR CONST SIZE   =   ----    ----
END OF MODULE INFORMATION.


C51 COMPILATION COMPLETE.  0 WARNING(S),  0 ERROR(S)
