C51 COMPILER V9.60.0.0   MOTOR                                                             08/09/2020 11:17:47 PAGE 1   


C51 COMPILER V9.60.0.0, COMPILATION OF MODULE MOTOR
OBJECT MODULE PLACED IN .\Out_File\motor.obj
COMPILER INVOKED BY: E:\keil 5\C51\BIN\C51.EXE ..\..\Libraries\User_libraries\motor.c LARGE OMF2 OPTIMIZE(8,SPEED) BROWS
                    -E FLOATFUZZY(2) INCDIR(..\..\Libraries\libraries;..\..\Libraries\seekfree_libraries;..\..\Libraries\seekfree_peripheral;
                    -..\USER\inc;..\USER\src;..\CODE;..\..\Libraries\User_libraries) DEBUG PRINT(.\Out_File\motor.lst) TABS(2) OBJECT(.\Out_F
                    -ile\motor.obj)

line level    source

   1          #include "motor.h"
   2          #include "zf_pwm.h"
   3          #include "STC8Hxx.h"
   4          
   5          
   6          /*限幅函数*/
   7          void Limit(int16 *motoA,int16 *motoB)
   8          {
   9   1        if(*motoA > PWM_MAX) *motoA=PWM_MAX;
  10   1        if(*motoA < PWM_MIN) *motoA=PWM_MIN;
  11   1        
  12   1        if(*motoB > PWM_MAX) *motoB=PWM_MAX;
  13   1        if(*motoB < PWM_MIN) *motoB=PWM_MIN;
  14   1      }
  15          
  16          
  17          /*绝对值函数*/
  18          int16 abs(int16 p)
  19          {
  20   1        int16 q;
  21   1        q=p>0?p:(-p);
  22   1        return q;
  23   1      }
  24          
  25          /*赋值函数*/
  26          /*入口参数：PID运算完成后的最终PWM值*/
  27          void Load(int moto1,int moto2)//moto1=-200：反转200个脉冲
  28          { 
  29   1          if (moto1<0)    
  30   1        {
  31   2         pwm_duty(PWM6_P01,abs(moto1));
  32   2         pwm_duty(PWM5_P00,0);
  33   2        }
  34   1        else
  35   1        {
  36   2          pwm_duty(PWM5_P00,abs(moto1));
  37   2          pwm_duty(PWM6_P01,0);
  38   2        } 
  39   1         
  40   1        if (moto2<0)
  41   1        {
  42   2         pwm_duty(PWM4P_P26,abs(moto2));
  43   2         pwm_duty(PWM2P_P22,0);
  44   2        }     
  45   1      
  46   1        else
  47   1        {
  48   2         pwm_duty(PWM2P_P22,abs(moto2));
  49   2         pwm_duty(PWM4P_P26,0);
  50   2        } 
  51   1      }

C51 COMPILER V9.60.0.0   MOTOR                                                             08/09/2020 11:17:47 PAGE 2   


MODULE INFORMATION:   STATIC OVERLAYABLE
   CODE SIZE        =    266    ----
   CONSTANT SIZE    =   ----    ----
   XDATA SIZE       =   ----      10
   PDATA SIZE       =   ----    ----
   DATA SIZE        =   ----    ----
   IDATA SIZE       =   ----    ----
   BIT SIZE         =   ----    ----
   EDATA SIZE       =   ----    ----
   HDATA SIZE       =   ----    ----
   XDATA CONST SIZE =   ----    ----
   FAR CONST SIZE   =   ----    ----
END OF MODULE INFORMATION.


C51 COMPILATION COMPLETE.  0 WARNING(S),  0 ERROR(S)
