C51 COMPILER V9.60.0.0   ZF_ADC                                                            08/09/2020 11:17:44 PAGE 1   


C51 COMPILER V9.60.0.0, COMPILATION OF MODULE ZF_ADC
OBJECT MODULE PLACED IN .\Out_File\zf_adc.obj
COMPILER INVOKED BY: E:\keil 5\C51\BIN\C51.EXE ..\..\Libraries\seekfree_libraries\zf_adc.c LARGE OMF2 OPTIMIZE(8,SPEED) 
                    -BROWSE FLOATFUZZY(2) INCDIR(..\..\Libraries\libraries;..\..\Libraries\seekfree_libraries;..\..\Libraries\seekfree_periph
                    -eral;..\USER\inc;..\USER\src;..\CODE;..\..\Libraries\User_libraries) DEBUG PRINT(.\Out_File\zf_adc.lst) TABS(2) OBJECT(.
                    -\Out_File\zf_adc.obj)

line level    source

   1          /*********************************************************************************************************
             -************
   2           * COPYRIGHT NOTICE
   3           * Copyright (c) 2020,逐飞科技
   4           * All rights reserved.
   5           * 技术讨论QQ群：一群：179029047(已满)  二群：244861897(已满)  三群：824575535
   6           *
   7           * 以下所有内容版权均属逐飞科技所有，未经允许不得用于商业用途，
   8           * 欢迎各位使用并传播本程序，修改内容时必须保留逐飞科技的版权声明。
   9           *
  10           * @file          adc
  11           * @company       成都逐飞科技有限公司
  12           * @author        逐飞科技(QQ790875685)
  13           * @version       查看doc内version文件 版本说明
  14           * @Software    MDK FOR C51 V9.60
  15           * @Target core   STC8H8K64S4
  16           * @Taobao      https://seekfree.taobao.com/
  17           * @date          2020-4-14
  18           *********************************************************************************************************
             -***********/
  19          #include "zf_adc.h"
  20          #include "intrins.h"
  21          
  22          
  23          //--------------------------------------------------------------------------------------------------------
             ------------
  24          //  @brief      ADC初始化
  25          //  @param      adcn            选择ADC通道
  26          //  @param      speed         ADC时钟频率
  27          //  @return     void
  28          //  Sample usage:               adc_init(ADC_P10,ADC_SYSclk_DIV_2);//初始化P1.0为ADC功能,ADC时钟频率：SYSc
             -lk/2
  29          //--------------------------------------------------------------------------------------------------------
             ------------
  30          void adc_init(ADCN_enum adcn,ADC_SPEED_enum speed)
  31          {
  32   1        ADC_CONTR |= 1<<7;  //1 ：打开 ADC 电源
  33   1        
  34   1        if((adcn >> 3) == 1) //P0.0
  35   1        {
  36   2          //IO口需要设置为高阻输入
  37   2          P0M0 &= ~(1 << (adcn & 0x07));
  38   2          P0M1 |= (1 << (adcn & 0x07));
  39   2        }
  40   1        else if((adcn >> 3) == 0) //P1.0  
  41   1        {
  42   2          //IO口需要设置为高阻输入
  43   2          P1M0 &= ~(1 << (adcn & 0x07));
  44   2            P1M1 |= (1 << (adcn & 0x07));
  45   2        }
  46   1      
  47   1        ADCCFG |= speed&0x0F; //ADC时钟频率SYSclk/2/speed&0x0F;
C51 COMPILER V9.60.0.0   ZF_ADC                                                            08/09/2020 11:17:44 PAGE 2   

  48   1        
  49   1        ADCCFG |= 1<<5;   //转换结果右对齐。 ADC_RES 保存结果的高 2 位， ADC_RESL 保存结果的低 8 位。
  50   1      
  51   1      }
  52          
  53          
  54          
  55          //--------------------------------------------------------------------------------------------------------
             ------------
  56          //  @brief      ADC转换一次
  57          //  @param      adcn            选择ADC通道
  58          //  @param      resolution      分辨率
  59          //  @return     void
  60          //  Sample usage:               adc_convert(ADC_P10, ADC_10BIT);
  61          //--------------------------------------------------------------------------------------------------------
             ------------
  62          uint16 adc_once(ADCN_enum adcn,ADCRES_enum resolution)
  63          {
  64   1        uint16 adc_value;
  65   1        
  66   1        ADC_CONTR &= (0xF0);  //清除ADC_CHS[3:0] ： ADC 模拟通道选择位
  67   1        ADC_CONTR |= adcn;
  68   1        
  69   1        ADC_CONTR |= 0x40;  // 启动 AD 转换
  70   1        while (!(ADC_CONTR & 0x20));  // 查询 ADC 完成标志
  71   1        ADC_CONTR &= ~0x20;  // 清完成标志
  72   1        
  73   1        
  74   1        adc_value = ADC_RES;  //存储 ADC 的 10 位结果的高 2 位
  75   1        adc_value <<= 8;
  76   1        adc_value |= ADC_RESL;  //存储 ADC 的 10 位结果的低 8 位
  77   1        
  78   1        ADC_RES = 0;
  79   1        ADC_RESL = 0;
  80   1        
  81   1        adc_value >>= resolution;//取多少位
  82   1        
  83   1      
  84   1        return adc_value;
  85   1      }
  86          
  87          float adc_voltage(void)  //电压显示
  88          {
  89   1        uint16 adc_voltage_value;
  90   1        float voltage;
  91   1        adc_voltage_value = adc_once(ADC_P06, ADC_10BIT);
  92   1        voltage = adc_voltage_value*3*3.3/1024;
  93   1        return voltage;
  94   1      }


MODULE INFORMATION:   STATIC OVERLAYABLE
   CODE SIZE        =    165    ----
   CONSTANT SIZE    =   ----    ----
   XDATA SIZE       =   ----    ----
   PDATA SIZE       =   ----    ----
   DATA SIZE        =   ----    ----
   IDATA SIZE       =   ----    ----
   BIT SIZE         =   ----    ----
   EDATA SIZE       =   ----    ----
   HDATA SIZE       =   ----    ----
   XDATA CONST SIZE =   ----    ----
C51 COMPILER V9.60.0.0   ZF_ADC                                                            08/09/2020 11:17:44 PAGE 3   

   FAR CONST SIZE   =   ----    ----
END OF MODULE INFORMATION.


C51 COMPILATION COMPLETE.  0 WARNING(S),  0 ERROR(S)
